<?xml version="1.0" encoding="UTF-8"?>
<!-- Generated by org.testng.reporters.JUnitXMLReporter -->
<testsuite ignored="0" hostname="DESKTOP-F1FC5DH" failures="4" tests="23" name="Test" time="73.18" errors="0" timestamp="2022-01-29T17:10:43 GMT">
  <testcase classname="com.obsqura.SeleniumAssignment_Jan06" name="countNumberOfImages" time="0.051">
    <failure type="java.lang.IllegalStateException" message="The driver executable must exist: C:\Users\user\Drivers\chromedriver.exe">
      <![CDATA[java.lang.IllegalStateException: The driver executable must exist: C:\Users\user\Drivers\chromedriver.exe
at org.openqa.selenium.internal.Require$FileStateChecker.isFile(Require.java:315)
at org.openqa.selenium.remote.service.DriverService.checkExecutable(DriverService.java:147)
at org.openqa.selenium.remote.service.DriverService.findExecutable(DriverService.java:142)
at org.openqa.selenium.chrome.ChromeDriverService.access$000(ChromeDriverService.java:38)
at org.openqa.selenium.chrome.ChromeDriverService$Builder.findDefaultExecutable(ChromeDriverService.java:231)
at org.openqa.selenium.remote.service.DriverService$Builder.build(DriverService.java:437)
at org.openqa.selenium.chrome.ChromeDriverService.createDefaultService(ChromeDriverService.java:127)
at org.openqa.selenium.chrome.ChromeDriver.<init>(ChromeDriver.java:46)
at com.obsqura.SeleniumAssignment_Jan06.countNumberOfImages(SeleniumAssignment_Jan06.java:29)
at java.base/java.util.ArrayList.forEach(ArrayList.java:1511)
... Removed 27 stack frames]]>
    </failure>
  </testcase> <!-- countNumberOfImages -->
  <testcase classname="com.obsqura.SeleniumAssignment_Jan06" name="verifyPageTitle" time="9.912"/>
  <testcase classname="com.obsqura.TestngAnnotations_1" name="test1" time="0.0"/>
  <testcase classname="com.obsqura.TestngAnnotations_1" name="test2" time="0.0"/>
  <testcase classname="com.obsqura.Selenium_WebElement" name="findImage" time="0.251"/>
  <testcase classname="com.obsqura.SeleniumAssignment_Jan07" name="getNumberOfImages" time="0.06"/>
  <testcase classname="com.obsqura.TestDayOfTheWeek" name="caseBigNumber" time="0.0">
    <failure type="java.lang.AssertionError" message="Test Failed expected [Invalid Entry1] but found [Invalid Entry]">
      <![CDATA[java.lang.AssertionError: Test Failed expected [Invalid Entry1] but found [Invalid Entry]
at com.obsqura.TestDayOfTheWeek.caseBigNumber(TestDayOfTheWeek.java:121)
at java.base/java.util.ArrayList.forEach(ArrayList.java:1511)
... Removed 32 stack frames]]>
    </failure>
  </testcase> <!-- caseBigNumber -->
  <testcase classname="com.obsqura.TestDayOfTheWeek" name="case_0" time="0.0"/>
  <testcase classname="com.obsqura.TestDayOfTheWeek" name="case_1" time="0.0"/>
  <testcase classname="com.obsqura.TestDayOfTheWeek" name="case_2" time="0.0"/>
  <testcase classname="com.obsqura.TestDayOfTheWeek" name="case_3" time="0.0"/>
  <testcase classname="com.obsqura.TestDayOfTheWeek" name="case_4" time="0.0"/>
  <testcase classname="com.obsqura.TestDayOfTheWeek" name="case_5" time="0.0"/>
  <testcase classname="com.obsqura.TestDayOfTheWeek" name="case_6" time="0.0"/>
  <testcase classname="com.obsqura.TestDayOfTheWeek" name="case_7" time="0.0"/>
  <testcase classname="com.obsqura.TestDayOfTheWeek" name="case_8" time="0.0"/>
  <testcase classname="com.obsqura.Selenium_1" name="OpeningBrowser" time="9.247"/>
  <testcase classname="com.obsqura.Selenium_2" name="verifyPageTitle" time="2.57"/>
  <testcase classname="com.obsqura.SeleniumAssignment1_Jan11" name="verifyTextBox" time="2.762">
    <failure type="org.openqa.selenium.ElementClickInterceptedException" message="element click intercepted: Element &amp;lt;button id=&amp;quot;submit&amp;quot; type=&amp;quot;button&amp;quot; class=&amp;quot;btn btn-primary&amp;quot;&amp;gt;...&amp;lt;/button&amp;gt; is not clickable at point (891, 584). Other element would receive the click: &amp;lt;iframe frameborder=&amp;quot;0&amp;quot; src=&amp;quot;https://cd975b60592348a7495496bb684aab6d.safeframe.googlesyndication.com/safeframe/1-0-38/html/container.html&amp;quot; id=&amp;quot;google_ads_iframe_/21849154601,22343295815/Ad.Plus-Anchor_0&amp;quot; title=&amp;quot;3rd party ad content&amp;quot; name=&amp;quot;&amp;quot; scrolling=&amp;quot;no&amp;quot; marginwidth=&amp;quot;0&amp;quot; marginheight=&amp;quot;0&amp;quot; width=&amp;quot;728&amp;quot; height=&amp;quot;90&amp;quot; data-is-safeframe=&amp;quot;true&amp;quot; sandbox=&amp;quot;allow-forms allow-popups allow-popups-to-escape-sandbox allow-same-origin allow-scripts allow-top-navigation-by-user-activation&amp;quot; role=&amp;quot;region&amp;quot; aria-label=&amp;quot;Advertisement&amp;quot; tabindex=&amp;quot;0&amp;quot; data-google-container-id=&amp;quot;1&amp;quot; style=&amp;quot;border: 0px; vertical-align: bottom;&amp;quot; data-load-complete=&amp;quot;true&amp;quot;&amp;gt;&amp;lt;/iframe&amp;gt;
  (Session info: chrome=97.0.4692.99)
Build info: version: &amp;apos;4.1.1&amp;apos;, revision: &amp;apos;e8fcc2cecf&amp;apos;
System info: host: &amp;apos;DESKTOP-F1FC5DH&amp;apos;, ip: &amp;apos;100.67.25.218&amp;apos;, os.name: &amp;apos;Windows 10&amp;apos;, os.arch: &amp;apos;amd64&amp;apos;, os.version: &amp;apos;10.0&amp;apos;, java.version: &amp;apos;17.0.1&amp;apos;
Driver info: org.openqa.selenium.chrome.ChromeDriver
Command: [1c348d511d31af0fe7f1a4e99e8d58d5, clickElement {id=b6ad6da8-b204-423f-82be-29a5dd455905}]
Capabilities {acceptInsecureCerts: false, browserName: chrome, browserVersion: 97.0.4692.99, chrome: {chromedriverVersion: 97.0.4692.71 (adefa7837d02a..., userDataDir: C:\Users\kmrz1\AppData\Loca...}, goog:chromeOptions: {debuggerAddress: localhost:64798}, javascriptEnabled: true, networkConnectionEnabled: false, pageLoadStrategy: normal, platform: WINDOWS, platformName: WINDOWS, proxy: Proxy(), se:cdp: ws://localhost:64798/devtoo..., se:cdpVersion: 97.0.4692.99, setWindowRect: true, strictFileInteractability: false, timeouts: {implicit: 0, pageLoad: 300000, script: 30000}, unhandledPromptBehavior: dismiss and notify, webauthn:extension:credBlob: true, webauthn:extension:largeBlob: true, webauthn:virtualAuthenticators: true}
Element: [[ChromeDriver: chrome on WINDOWS (1c348d511d31af0fe7f1a4e99e8d58d5)] -&amp;gt; id: submit]
Session ID: 1c348d511d31af0fe7f1a4e99e8d58d5">
      <![CDATA[org.openqa.selenium.ElementClickInterceptedException: element click intercepted: Element <button id="submit" type="button" class="btn btn-primary">...</button> is not clickable at point (891, 584). Other element would receive the click: <iframe frameborder="0" src="https://cd975b60592348a7495496bb684aab6d.safeframe.googlesyndication.com/safeframe/1-0-38/html/container.html" id="google_ads_iframe_/21849154601,22343295815/Ad.Plus-Anchor_0" title="3rd party ad content" name="" scrolling="no" marginwidth="0" marginheight="0" width="728" height="90" data-is-safeframe="true" sandbox="allow-forms allow-popups allow-popups-to-escape-sandbox allow-same-origin allow-scripts allow-top-navigation-by-user-activation" role="region" aria-label="Advertisement" tabindex="0" data-google-container-id="1" style="border: 0px; vertical-align: bottom;" data-load-complete="true"></iframe>
  (Session info: chrome=97.0.4692.99)
Build info: version: '4.1.1', revision: 'e8fcc2cecf'
System info: host: 'DESKTOP-F1FC5DH', ip: '100.67.25.218', os.name: 'Windows 10', os.arch: 'amd64', os.version: '10.0', java.version: '17.0.1'
Driver info: org.openqa.selenium.chrome.ChromeDriver
Command: [1c348d511d31af0fe7f1a4e99e8d58d5, clickElement {id=b6ad6da8-b204-423f-82be-29a5dd455905}]
Capabilities {acceptInsecureCerts: false, browserName: chrome, browserVersion: 97.0.4692.99, chrome: {chromedriverVersion: 97.0.4692.71 (adefa7837d02a..., userDataDir: C:\Users\kmrz1\AppData\Loca...}, goog:chromeOptions: {debuggerAddress: localhost:64798}, javascriptEnabled: true, networkConnectionEnabled: false, pageLoadStrategy: normal, platform: WINDOWS, platformName: WINDOWS, proxy: Proxy(), se:cdp: ws://localhost:64798/devtoo..., se:cdpVersion: 97.0.4692.99, setWindowRect: true, strictFileInteractability: false, timeouts: {implicit: 0, pageLoad: 300000, script: 30000}, unhandledPromptBehavior: dismiss and notify, webauthn:extension:credBlob: true, webauthn:extension:largeBlob: true, webauthn:virtualAuthenticators: true}
Element: [[ChromeDriver: chrome on WINDOWS (1c348d511d31af0fe7f1a4e99e8d58d5)] -> id: submit]
Session ID: 1c348d511d31af0fe7f1a4e99e8d58d5
at org.openqa.selenium.remote.codec.w3c.W3CHttpResponseCodec.createException(W3CHttpResponseCodec.java:200)
at org.openqa.selenium.remote.codec.w3c.W3CHttpResponseCodec.decode(W3CHttpResponseCodec.java:133)
at org.openqa.selenium.remote.codec.w3c.W3CHttpResponseCodec.decode(W3CHttpResponseCodec.java:53)
at org.openqa.selenium.remote.HttpCommandExecutor.execute(HttpCommandExecutor.java:184)
at org.openqa.selenium.remote.service.DriverCommandExecutor.invokeExecute(DriverCommandExecutor.java:167)
at org.openqa.selenium.remote.service.DriverCommandExecutor.execute(DriverCommandExecutor.java:142)
at org.openqa.selenium.remote.RemoteWebDriver.execute(RemoteWebDriver.java:543)
at org.openqa.selenium.remote.RemoteWebElement.execute(RemoteWebElement.java:251)
at org.openqa.selenium.remote.RemoteWebElement.click(RemoteWebElement.java:77)
at com.obsqura.SeleniumAssignment1_Jan11.verifyTextBox(SeleniumAssignment1_Jan11.java:41)
at java.base/java.util.ArrayList.forEach(ArrayList.java:1511)
... Removed 32 stack frames]]>
    </failure>
  </testcase> <!-- verifyTextBox -->
  <testcase classname="com.obsqura.SeleniumAssignment1_Jan14" name="GetCompanyNamesInClients" time="4.31"/>
  <testcase classname="com.obsqura.SeleniumAssignment3_Jan11" name="verifyLogin" time="4.706"/>
  <testcase classname="com.obsqura.Test1" name="verification" time="0.016">
    <failure type="java.lang.AssertionError" message="The following asserts failed:
	Test failed expected [true] but found [false],
	Test failed expected [true] but found [false]">
      <![CDATA[java.lang.AssertionError: The following asserts failed:
Test failed expected [true] but found [false],
Test failed expected [true] but found [false]
at com.obsqura.Test1.verification(Test1.java:17)
at java.base/java.util.ArrayList.forEach(ArrayList.java:1511)
... Removed 29 stack frames]]>
    </failure>
  </testcase> <!-- verification -->
  <testcase classname="com.obsqura.Test25thJan" name="testBrowserWindow" time="1.752"/>
</testsuite> <!-- Test -->
