<!DOCTYPE html PUBLIC "-//W3C//DTD XHTML 1.1//EN" "https://www.w3.org/TR/xhtml11/DTD/xhtml11.dtd">
<html xmlns="https://www.w3.org/1999/xhtml">
<head>
<meta http-equiv="content-type" content="text/html; charset=UTF-8"/>
<title>TestNG Report</title>
<style type="text/css">table {margin-bottom:10px;border-collapse:collapse;empty-cells:show}th,td {border:1px solid #009;padding:.25em .5em}th {vertical-align:bottom}td {vertical-align:top}table a {font-weight:bold}.stripe td {background-color: #E6EBF9}.num {text-align:right}.passedodd td {background-color: #3F3}.passedeven td {background-color: #0A0}.skippedodd td {background-color: #DDD}.skippedeven td {background-color: #CCC}.failedodd td,.attn {background-color: #F33}.failedeven td,.stripe .attn {background-color: #D00}.stacktrace {white-space:pre;font-family:monospace}.totop {font-size:85%;text-align:center;border-bottom:2px solid #000}.invisible {display:none}</style>
</head>
<body>
<table>
<tr><th>Test</th><th># Passed</th><th># Skipped</th><th># Retried</th><th># Failed</th><th>Time (ms)</th><th>Included Groups</th><th>Excluded Groups</th></tr>
<tr><th colspan="8">Suite</th></tr>
<tr><td><a href="#t0">Test</a></td><td class="num">19</td><td class="num">0</td><td class="num">0</td><td class="num attn">4</td><td class="num">73,180</td><td></td><td></td></tr>
</table>
<table id='summary'><thead><tr><th>Class</th><th>Method</th><th>Start</th><th>Time (ms)</th></tr></thead><tbody><tr><th colspan="4">Suite</th></tr></tbody><tbody id="t0"><tr><th colspan="4">Test &#8212; failed</th></tr><tr class="failedeven"><td rowspan="1">com.obsqura.SeleniumAssignment1_Jan11</td><td><a href="#m0">verifyTextBox</a></td><td rowspan="1">1643476206008</td><td rowspan="1">2762</td></tr><tr class="failedodd"><td rowspan="1">com.obsqura.SeleniumAssignment_Jan06</td><td><a href="#m1">countNumberOfImages</a></td><td rowspan="1">1643476170018</td><td rowspan="1">51</td></tr><tr class="failedeven"><td rowspan="1">com.obsqura.Test1</td><td><a href="#m2">verification</a></td><td rowspan="1">1643476238859</td><td rowspan="1">16</td></tr><tr class="failedodd"><td rowspan="1">com.obsqura.TestDayOfTheWeek</td><td><a href="#m3">caseBigNumber</a></td><td rowspan="1">1643476191407</td><td rowspan="1">0</td></tr><tr><th colspan="4">Test &#8212; passed</th></tr><tr class="passedeven"><td rowspan="1">com.obsqura.SeleniumAssignment1_Jan14</td><td><a href="#m4">GetCompanyNamesInClients</a></td><td rowspan="1">1643476221447</td><td rowspan="1">4310</td></tr><tr class="passedodd"><td rowspan="1">com.obsqura.SeleniumAssignment3_Jan11</td><td><a href="#m5">verifyLogin</a></td><td rowspan="1">1643476234033</td><td rowspan="1">4706</td></tr><tr class="passedeven"><td rowspan="1">com.obsqura.SeleniumAssignment_Jan06</td><td><a href="#m6">verifyPageTitle</a></td><td rowspan="1">1643476170074</td><td rowspan="1">9912</td></tr><tr class="passedodd"><td rowspan="1">com.obsqura.SeleniumAssignment_Jan07</td><td><a href="#m7">getNumberOfImages</a></td><td rowspan="1">1643476191147</td><td rowspan="1">60</td></tr><tr class="passedeven"><td rowspan="1">com.obsqura.Selenium_1</td><td><a href="#m8">OpeningBrowser</a></td><td rowspan="1">1643476191454</td><td rowspan="1">9247</td></tr><tr class="passedodd"><td rowspan="1">com.obsqura.Selenium_2</td><td><a href="#m9">verifyPageTitle</a></td><td rowspan="1">1643476200705</td><td rowspan="1">2570</td></tr><tr class="passedeven"><td rowspan="1">com.obsqura.Selenium_WebElement</td><td><a href="#m10">findImage</a></td><td rowspan="1">1643476182157</td><td rowspan="1">251</td></tr><tr class="passedodd"><td rowspan="1">com.obsqura.Test25thJan</td><td><a href="#m11">testBrowserWindow</a></td><td rowspan="1">1643476241231</td><td rowspan="1">1752</td></tr><tr class="passedeven"><td rowspan="9">com.obsqura.TestDayOfTheWeek</td><td><a href="#m12">case_0</a></td><td rowspan="1">1643476191422</td><td rowspan="1">0</td></tr><tr class="passedeven"><td><a href="#m13">case_1</a></td><td rowspan="1">1643476191422</td><td rowspan="1">0</td></tr><tr class="passedeven"><td><a href="#m14">case_2</a></td><td rowspan="1">1643476191422</td><td rowspan="1">0</td></tr><tr class="passedeven"><td><a href="#m15">case_3</a></td><td rowspan="1">1643476191422</td><td rowspan="1">0</td></tr><tr class="passedeven"><td><a href="#m16">case_4</a></td><td rowspan="1">1643476191438</td><td rowspan="1">0</td></tr><tr class="passedeven"><td><a href="#m17">case_5</a></td><td rowspan="1">1643476191438</td><td rowspan="1">0</td></tr><tr class="passedeven"><td><a href="#m18">case_6</a></td><td rowspan="1">1643476191438</td><td rowspan="1">0</td></tr><tr class="passedeven"><td><a href="#m19">case_7</a></td><td rowspan="1">1643476191438</td><td rowspan="1">0</td></tr><tr class="passedeven"><td><a href="#m20">case_8</a></td><td rowspan="1">1643476191454</td><td rowspan="1">0</td></tr><tr class="passedodd"><td rowspan="2">com.obsqura.TestngAnnotations_1</td><td><a href="#m21">test1</a></td><td rowspan="1">1643476180001</td><td rowspan="1">0</td></tr><tr class="passedodd"><td><a href="#m22">test2</a></td><td rowspan="1">1643476180017</td><td rowspan="1">0</td></tr></tbody>
</table>
<h2>Test</h2><h3 id="m0">com.obsqura.SeleniumAssignment1_Jan11#verifyTextBox</h3><table class="result"><tr><th>Exception</th></tr><tr><td><div class="stacktrace">org.openqa.selenium.ElementClickInterceptedException: element click intercepted: Element &lt;button id=&quot;submit&quot; type=&quot;button&quot; class=&quot;btn btn-primary&quot;&gt;...&lt;/button&gt; is not clickable at point (891, 584). Other element would receive the click: &lt;iframe frameborder=&quot;0&quot; src=&quot;https://cd975b60592348a7495496bb684aab6d.safeframe.googlesyndication.com/safeframe/1-0-38/html/container.html&quot; id=&quot;google_ads_iframe_/21849154601,22343295815/Ad.Plus-Anchor_0&quot; title=&quot;3rd party ad content&quot; name=&quot;&quot; scrolling=&quot;no&quot; marginwidth=&quot;0&quot; marginheight=&quot;0&quot; width=&quot;728&quot; height=&quot;90&quot; data-is-safeframe=&quot;true&quot; sandbox=&quot;allow-forms allow-popups allow-popups-to-escape-sandbox allow-same-origin allow-scripts allow-top-navigation-by-user-activation&quot; role=&quot;region&quot; aria-label=&quot;Advertisement&quot; tabindex=&quot;0&quot; data-google-container-id=&quot;1&quot; style=&quot;border: 0px; vertical-align: bottom;&quot; data-load-complete=&quot;true&quot;&gt;&lt;/iframe&gt;
  (Session info: chrome=97.0.4692.99)
Build info: version: &apos;4.1.1&apos;, revision: &apos;e8fcc2cecf&apos;
System info: host: &apos;DESKTOP-F1FC5DH&apos;, ip: &apos;100.67.25.218&apos;, os.name: &apos;Windows 10&apos;, os.arch: &apos;amd64&apos;, os.version: &apos;10.0&apos;, java.version: &apos;17.0.1&apos;
Driver info: org.openqa.selenium.chrome.ChromeDriver
Command: [1c348d511d31af0fe7f1a4e99e8d58d5, clickElement {id=b6ad6da8-b204-423f-82be-29a5dd455905}]
Capabilities {acceptInsecureCerts: false, browserName: chrome, browserVersion: 97.0.4692.99, chrome: {chromedriverVersion: 97.0.4692.71 (adefa7837d02a..., userDataDir: C:\Users\kmrz1\AppData\Loca...}, goog:chromeOptions: {debuggerAddress: localhost:64798}, javascriptEnabled: true, networkConnectionEnabled: false, pageLoadStrategy: normal, platform: WINDOWS, platformName: WINDOWS, proxy: Proxy(), se:cdp: ws://localhost:64798/devtoo..., se:cdpVersion: 97.0.4692.99, setWindowRect: true, strictFileInteractability: false, timeouts: {implicit: 0, pageLoad: 300000, script: 30000}, unhandledPromptBehavior: dismiss and notify, webauthn:extension:credBlob: true, webauthn:extension:largeBlob: true, webauthn:virtualAuthenticators: true}
Element: [[ChromeDriver: chrome on WINDOWS (1c348d511d31af0fe7f1a4e99e8d58d5)] -&gt; id: submit]
Session ID: 1c348d511d31af0fe7f1a4e99e8d58d5
	at org.openqa.selenium.remote.codec.w3c.W3CHttpResponseCodec.createException(W3CHttpResponseCodec.java:200)
	at org.openqa.selenium.remote.codec.w3c.W3CHttpResponseCodec.decode(W3CHttpResponseCodec.java:133)
	at org.openqa.selenium.remote.codec.w3c.W3CHttpResponseCodec.decode(W3CHttpResponseCodec.java:53)
	at org.openqa.selenium.remote.HttpCommandExecutor.execute(HttpCommandExecutor.java:184)
	at org.openqa.selenium.remote.service.DriverCommandExecutor.invokeExecute(DriverCommandExecutor.java:167)
	at org.openqa.selenium.remote.service.DriverCommandExecutor.execute(DriverCommandExecutor.java:142)
	at org.openqa.selenium.remote.RemoteWebDriver.execute(RemoteWebDriver.java:543)
	at org.openqa.selenium.remote.RemoteWebElement.execute(RemoteWebElement.java:251)
	at org.openqa.selenium.remote.RemoteWebElement.click(RemoteWebElement.java:77)
	at com.obsqura.SeleniumAssignment1_Jan11.verifyTextBox(SeleniumAssignment1_Jan11.java:41)
	at java.base/java.util.ArrayList.forEach(ArrayList.java:1511)
... Removed 32 stack frames</div></td></tr></table><p class="totop"><a href="#summary">back to summary</a></p>
<h3 id="m1">com.obsqura.SeleniumAssignment_Jan06#countNumberOfImages</h3><table class="result"><tr><th>Exception</th></tr><tr><td><div class="stacktrace">java.lang.IllegalStateException: The driver executable must exist: C:\Users\user\Drivers\chromedriver.exe
	at org.openqa.selenium.internal.Require$FileStateChecker.isFile(Require.java:315)
	at org.openqa.selenium.remote.service.DriverService.checkExecutable(DriverService.java:147)
	at org.openqa.selenium.remote.service.DriverService.findExecutable(DriverService.java:142)
	at org.openqa.selenium.chrome.ChromeDriverService.access$000(ChromeDriverService.java:38)
	at org.openqa.selenium.chrome.ChromeDriverService$Builder.findDefaultExecutable(ChromeDriverService.java:231)
	at org.openqa.selenium.remote.service.DriverService$Builder.build(DriverService.java:437)
	at org.openqa.selenium.chrome.ChromeDriverService.createDefaultService(ChromeDriverService.java:127)
	at org.openqa.selenium.chrome.ChromeDriver.&lt;init&gt;(ChromeDriver.java:46)
	at com.obsqura.SeleniumAssignment_Jan06.countNumberOfImages(SeleniumAssignment_Jan06.java:29)
	at java.base/java.util.ArrayList.forEach(ArrayList.java:1511)
... Removed 27 stack frames</div></td></tr></table><p class="totop"><a href="#summary">back to summary</a></p>
<h3 id="m2">com.obsqura.Test1#verification</h3><table class="result"><tr><th>Exception</th></tr><tr><td><div class="stacktrace">java.lang.AssertionError: The following asserts failed:
	Test failed expected [true] but found [false],
	Test failed expected [true] but found [false]
	at com.obsqura.Test1.verification(Test1.java:17)
	at java.base/java.util.ArrayList.forEach(ArrayList.java:1511)
... Removed 29 stack frames</div></td></tr></table><p class="totop"><a href="#summary">back to summary</a></p>
<h3 id="m3">com.obsqura.TestDayOfTheWeek#caseBigNumber</h3><table class="result"><tr><th>Exception</th></tr><tr><td><div class="stacktrace">java.lang.AssertionError: Test Failed expected [Invalid Entry1] but found [Invalid Entry]
	at com.obsqura.TestDayOfTheWeek.caseBigNumber(TestDayOfTheWeek.java:121)
	at java.base/java.util.ArrayList.forEach(ArrayList.java:1511)
... Removed 32 stack frames</div></td></tr></table><p class="totop"><a href="#summary">back to summary</a></p>
<h3 id="m4">com.obsqura.SeleniumAssignment1_Jan14#GetCompanyNamesInClients</h3><table class="result"><tr><th class="invisible"/></tr></table><p class="totop"><a href="#summary">back to summary</a></p>
<h3 id="m5">com.obsqura.SeleniumAssignment3_Jan11#verifyLogin</h3><table class="result"><tr><th class="invisible"/></tr></table><p class="totop"><a href="#summary">back to summary</a></p>
<h3 id="m6">com.obsqura.SeleniumAssignment_Jan06#verifyPageTitle</h3><table class="result"><tr><th class="invisible"/></tr></table><p class="totop"><a href="#summary">back to summary</a></p>
<h3 id="m7">com.obsqura.SeleniumAssignment_Jan07#getNumberOfImages</h3><table class="result"><tr><th class="invisible"/></tr></table><p class="totop"><a href="#summary">back to summary</a></p>
<h3 id="m8">com.obsqura.Selenium_1#OpeningBrowser</h3><table class="result"><tr><th class="invisible"/></tr></table><p class="totop"><a href="#summary">back to summary</a></p>
<h3 id="m9">com.obsqura.Selenium_2#verifyPageTitle</h3><table class="result"><tr><th class="invisible"/></tr></table><p class="totop"><a href="#summary">back to summary</a></p>
<h3 id="m10">com.obsqura.Selenium_WebElement#findImage</h3><table class="result"><tr><th class="invisible"/></tr></table><p class="totop"><a href="#summary">back to summary</a></p>
<h3 id="m11">com.obsqura.Test25thJan#testBrowserWindow</h3><table class="result"><tr><th class="invisible"/></tr></table><p class="totop"><a href="#summary">back to summary</a></p>
<h3 id="m12">com.obsqura.TestDayOfTheWeek#case_0</h3><table class="result"><tr><th class="invisible"/></tr></table><p class="totop"><a href="#summary">back to summary</a></p>
<h3 id="m13">com.obsqura.TestDayOfTheWeek#case_1</h3><table class="result"><tr><th class="invisible"/></tr></table><p class="totop"><a href="#summary">back to summary</a></p>
<h3 id="m14">com.obsqura.TestDayOfTheWeek#case_2</h3><table class="result"><tr><th class="invisible"/></tr></table><p class="totop"><a href="#summary">back to summary</a></p>
<h3 id="m15">com.obsqura.TestDayOfTheWeek#case_3</h3><table class="result"><tr><th class="invisible"/></tr></table><p class="totop"><a href="#summary">back to summary</a></p>
<h3 id="m16">com.obsqura.TestDayOfTheWeek#case_4</h3><table class="result"><tr><th class="invisible"/></tr></table><p class="totop"><a href="#summary">back to summary</a></p>
<h3 id="m17">com.obsqura.TestDayOfTheWeek#case_5</h3><table class="result"><tr><th class="invisible"/></tr></table><p class="totop"><a href="#summary">back to summary</a></p>
<h3 id="m18">com.obsqura.TestDayOfTheWeek#case_6</h3><table class="result"><tr><th class="invisible"/></tr></table><p class="totop"><a href="#summary">back to summary</a></p>
<h3 id="m19">com.obsqura.TestDayOfTheWeek#case_7</h3><table class="result"><tr><th class="invisible"/></tr></table><p class="totop"><a href="#summary">back to summary</a></p>
<h3 id="m20">com.obsqura.TestDayOfTheWeek#case_8</h3><table class="result"><tr><th class="invisible"/></tr></table><p class="totop"><a href="#summary">back to summary</a></p>
<h3 id="m21">com.obsqura.TestngAnnotations_1#test1</h3><table class="result"><tr><th class="invisible"/></tr></table><p class="totop"><a href="#summary">back to summary</a></p>
<h3 id="m22">com.obsqura.TestngAnnotations_1#test2</h3><table class="result"><tr><th class="invisible"/></tr></table><p class="totop"><a href="#summary">back to summary</a></p>
</body>
</html>
