<?xml version="1.0" encoding="UTF-8"?>
<testng-results ignored="0" total="23" passed="19" failed="4" skipped="0">
  <reporter-output>
  </reporter-output>
  <suite started-at="2022-01-29T17:09:29 GMT" name="Suite" finished-at="2022-01-29T17:10:43 GMT" duration-ms="73180">
    <groups>
    </groups>
    <test started-at="2022-01-29T17:09:29 GMT" name="Test" finished-at="2022-01-29T17:10:43 GMT" duration-ms="73180">
      <class name="com.obsqura.SeleniumAssignment1_Jan14">
        <test-method is-config="true" signature="openingBrowser()[pri:0, instance:com.obsqura.SeleniumAssignment1_Jan14@659499f1]" started-at="2022-01-29T17:10:09 GMT" name="openingBrowser" finished-at="2022-01-29T17:10:21 GMT" duration-ms="12338" status="PASS">
          <reporter-output>
          </reporter-output>
        </test-method> <!-- openingBrowser -->
        <test-method signature="GetCompanyNamesInClients()[pri:0, instance:com.obsqura.SeleniumAssignment1_Jan14@659499f1]" started-at="2022-01-29T17:10:21 GMT" name="GetCompanyNamesInClients" finished-at="2022-01-29T17:10:25 GMT" duration-ms="4310" status="PASS">
          <reporter-output>
          </reporter-output>
        </test-method> <!-- GetCompanyNamesInClients -->
        <test-method is-config="true" signature="closingBrowser()[pri:0, instance:com.obsqura.SeleniumAssignment1_Jan14@659499f1]" started-at="2022-01-29T17:10:25 GMT" name="closingBrowser" finished-at="2022-01-29T17:10:25 GMT" duration-ms="205" status="PASS">
          <reporter-output>
          </reporter-output>
        </test-method> <!-- closingBrowser -->
      </class> <!-- com.obsqura.SeleniumAssignment1_Jan14 -->
      <class name="com.obsqura.Test1">
        <test-method signature="verification()[pri:0, instance:com.obsqura.Test1@47e2e487]" started-at="2022-01-29T17:10:38 GMT" name="verification" finished-at="2022-01-29T17:10:38 GMT" duration-ms="16" status="FAIL">
          <exception class="java.lang.AssertionError">
            <message>
              <![CDATA[The following asserts failed:
Test failed expected [true] but found [false],
Test failed expected [true] but found [false]]]>
            </message>
            <full-stacktrace>
              <![CDATA[java.lang.AssertionError: The following asserts failed:
Test failed expected [true] but found [false],
Test failed expected [true] but found [false]
at org.testng.asserts.SoftAssert.assertAll(SoftAssert.java:47)
at org.testng.asserts.SoftAssert.assertAll(SoftAssert.java:31)
at com.obsqura.Test1.verification(Test1.java:17)
at java.base/jdk.internal.reflect.NativeMethodAccessorImpl.invoke0(Native Method)
at java.base/jdk.internal.reflect.NativeMethodAccessorImpl.invoke(NativeMethodAccessorImpl.java:77)
at java.base/jdk.internal.reflect.DelegatingMethodAccessorImpl.invoke(DelegatingMethodAccessorImpl.java:43)
at java.base/java.lang.reflect.Method.invoke(Method.java:568)
at org.testng.internal.MethodInvocationHelper.invokeMethod(MethodInvocationHelper.java:133)
at org.testng.internal.TestInvoker.invokeMethod(TestInvoker.java:598)
at org.testng.internal.TestInvoker.invokeTestMethod(TestInvoker.java:173)
at org.testng.internal.MethodRunner.runInSequence(MethodRunner.java:46)
at org.testng.internal.TestInvoker$MethodInvocationAgent.invoke(TestInvoker.java:824)
at org.testng.internal.TestInvoker.invokeTestMethods(TestInvoker.java:146)
at org.testng.internal.TestMethodWorker.invokeTestMethods(TestMethodWorker.java:146)
at org.testng.internal.TestMethodWorker.run(TestMethodWorker.java:128)
at java.base/java.util.ArrayList.forEach(ArrayList.java:1511)
at org.testng.TestRunner.privateRun(TestRunner.java:794)
at org.testng.TestRunner.run(TestRunner.java:596)
at org.testng.SuiteRunner.runTest(SuiteRunner.java:377)
at org.testng.SuiteRunner.runSequentially(SuiteRunner.java:371)
at org.testng.SuiteRunner.privateRun(SuiteRunner.java:332)
at org.testng.SuiteRunner.run(SuiteRunner.java:276)
at org.testng.SuiteRunnerWorker.runSuite(SuiteRunnerWorker.java:53)
at org.testng.SuiteRunnerWorker.run(SuiteRunnerWorker.java:96)
at org.testng.TestNG.runSuitesSequentially(TestNG.java:1212)
at org.testng.TestNG.runSuitesLocally(TestNG.java:1134)
at org.testng.TestNG.runSuites(TestNG.java:1063)
at org.testng.TestNG.run(TestNG.java:1031)
at org.testng.remote.AbstractRemoteTestNG.run(AbstractRemoteTestNG.java:115)
at org.testng.remote.RemoteTestNG.initAndRun(RemoteTestNG.java:251)
at org.testng.remote.RemoteTestNG.main(RemoteTestNG.java:77)
]]>
            </full-stacktrace>
          </exception> <!-- java.lang.AssertionError -->
          <reporter-output>
          </reporter-output>
        </test-method> <!-- verification -->
      </class> <!-- com.obsqura.Test1 -->
      <class name="com.obsqura.Selenium_2">
        <test-method signature="verifyPageTitle()[pri:0, instance:com.obsqura.Selenium_2@27462a88]" started-at="2022-01-29T17:10:00 GMT" name="verifyPageTitle" finished-at="2022-01-29T17:10:03 GMT" duration-ms="2570" status="PASS">
          <reporter-output>
          </reporter-output>
        </test-method> <!-- verifyPageTitle -->
      </class> <!-- com.obsqura.Selenium_2 -->
      <class name="com.obsqura.Selenium_1">
        <test-method signature="OpeningBrowser()[pri:0, instance:com.obsqura.Selenium_1@71a8adcf]" started-at="2022-01-29T17:09:51 GMT" name="OpeningBrowser" finished-at="2022-01-29T17:10:00 GMT" duration-ms="9247" status="PASS">
          <reporter-output>
          </reporter-output>
        </test-method> <!-- OpeningBrowser -->
      </class> <!-- com.obsqura.Selenium_1 -->
      <class name="com.obsqura.TestDayOfTheWeek">
        <test-method signature="caseBigNumber()[pri:0, instance:com.obsqura.TestDayOfTheWeek@49049a04]" started-at="2022-01-29T17:09:51 GMT" name="caseBigNumber" finished-at="2022-01-29T17:09:51 GMT" duration-ms="0" status="FAIL">
          <exception class="java.lang.AssertionError">
            <message>
              <![CDATA[Test Failed expected [Invalid Entry1] but found [Invalid Entry]]]>
            </message>
            <full-stacktrace>
              <![CDATA[java.lang.AssertionError: Test Failed expected [Invalid Entry1] but found [Invalid Entry]
at org.testng.Assert.fail(Assert.java:99)
at org.testng.Assert.failNotEquals(Assert.java:1037)
at org.testng.Assert.assertEqualsImpl(Assert.java:140)
at org.testng.Assert.assertEquals(Assert.java:122)
at org.testng.Assert.assertEquals(Assert.java:629)
at com.obsqura.TestDayOfTheWeek.caseBigNumber(TestDayOfTheWeek.java:121)
at java.base/jdk.internal.reflect.NativeMethodAccessorImpl.invoke0(Native Method)
at java.base/jdk.internal.reflect.NativeMethodAccessorImpl.invoke(NativeMethodAccessorImpl.java:77)
at java.base/jdk.internal.reflect.DelegatingMethodAccessorImpl.invoke(DelegatingMethodAccessorImpl.java:43)
at java.base/java.lang.reflect.Method.invoke(Method.java:568)
at org.testng.internal.MethodInvocationHelper.invokeMethod(MethodInvocationHelper.java:133)
at org.testng.internal.TestInvoker.invokeMethod(TestInvoker.java:598)
at org.testng.internal.TestInvoker.invokeTestMethod(TestInvoker.java:173)
at org.testng.internal.MethodRunner.runInSequence(MethodRunner.java:46)
at org.testng.internal.TestInvoker$MethodInvocationAgent.invoke(TestInvoker.java:824)
at org.testng.internal.TestInvoker.invokeTestMethods(TestInvoker.java:146)
at org.testng.internal.TestMethodWorker.invokeTestMethods(TestMethodWorker.java:146)
at org.testng.internal.TestMethodWorker.run(TestMethodWorker.java:128)
at java.base/java.util.ArrayList.forEach(ArrayList.java:1511)
at org.testng.TestRunner.privateRun(TestRunner.java:794)
at org.testng.TestRunner.run(TestRunner.java:596)
at org.testng.SuiteRunner.runTest(SuiteRunner.java:377)
at org.testng.SuiteRunner.runSequentially(SuiteRunner.java:371)
at org.testng.SuiteRunner.privateRun(SuiteRunner.java:332)
at org.testng.SuiteRunner.run(SuiteRunner.java:276)
at org.testng.SuiteRunnerWorker.runSuite(SuiteRunnerWorker.java:53)
at org.testng.SuiteRunnerWorker.run(SuiteRunnerWorker.java:96)
at org.testng.TestNG.runSuitesSequentially(TestNG.java:1212)
at org.testng.TestNG.runSuitesLocally(TestNG.java:1134)
at org.testng.TestNG.runSuites(TestNG.java:1063)
at org.testng.TestNG.run(TestNG.java:1031)
at org.testng.remote.AbstractRemoteTestNG.run(AbstractRemoteTestNG.java:115)
at org.testng.remote.RemoteTestNG.initAndRun(RemoteTestNG.java:251)
at org.testng.remote.RemoteTestNG.main(RemoteTestNG.java:77)
]]>
            </full-stacktrace>
          </exception> <!-- java.lang.AssertionError -->
          <reporter-output>
          </reporter-output>
        </test-method> <!-- caseBigNumber -->
        <test-method signature="case_1()[pri:0, instance:com.obsqura.TestDayOfTheWeek@49049a04]" started-at="2022-01-29T17:09:51 GMT" name="case_1" finished-at="2022-01-29T17:09:51 GMT" duration-ms="0" status="PASS">
          <reporter-output>
          </reporter-output>
        </test-method> <!-- case_1 -->
        <test-method signature="case_0()[pri:0, instance:com.obsqura.TestDayOfTheWeek@49049a04]" started-at="2022-01-29T17:09:51 GMT" name="case_0" finished-at="2022-01-29T17:09:51 GMT" duration-ms="0" status="PASS">
          <reporter-output>
          </reporter-output>
        </test-method> <!-- case_0 -->
        <test-method signature="case_3()[pri:0, instance:com.obsqura.TestDayOfTheWeek@49049a04]" started-at="2022-01-29T17:09:51 GMT" name="case_3" finished-at="2022-01-29T17:09:51 GMT" duration-ms="0" status="PASS">
          <reporter-output>
          </reporter-output>
        </test-method> <!-- case_3 -->
        <test-method signature="case_2()[pri:0, instance:com.obsqura.TestDayOfTheWeek@49049a04]" started-at="2022-01-29T17:09:51 GMT" name="case_2" finished-at="2022-01-29T17:09:51 GMT" duration-ms="0" status="PASS">
          <reporter-output>
          </reporter-output>
        </test-method> <!-- case_2 -->
        <test-method signature="case_6()[pri:0, instance:com.obsqura.TestDayOfTheWeek@49049a04]" started-at="2022-01-29T17:09:51 GMT" name="case_6" finished-at="2022-01-29T17:09:51 GMT" duration-ms="0" status="PASS">
          <reporter-output>
          </reporter-output>
        </test-method> <!-- case_6 -->
        <test-method signature="case_5()[pri:0, instance:com.obsqura.TestDayOfTheWeek@49049a04]" started-at="2022-01-29T17:09:51 GMT" name="case_5" finished-at="2022-01-29T17:09:51 GMT" duration-ms="0" status="PASS">
          <reporter-output>
          </reporter-output>
        </test-method> <!-- case_5 -->
        <test-method signature="case_7()[pri:0, instance:com.obsqura.TestDayOfTheWeek@49049a04]" started-at="2022-01-29T17:09:51 GMT" name="case_7" finished-at="2022-01-29T17:09:51 GMT" duration-ms="0" status="PASS">
          <reporter-output>
          </reporter-output>
        </test-method> <!-- case_7 -->
        <test-method signature="case_4()[pri:0, instance:com.obsqura.TestDayOfTheWeek@49049a04]" started-at="2022-01-29T17:09:51 GMT" name="case_4" finished-at="2022-01-29T17:09:51 GMT" duration-ms="0" status="PASS">
          <reporter-output>
          </reporter-output>
        </test-method> <!-- case_4 -->
        <test-method signature="case_8()[pri:0, instance:com.obsqura.TestDayOfTheWeek@49049a04]" started-at="2022-01-29T17:09:51 GMT" name="case_8" finished-at="2022-01-29T17:09:51 GMT" duration-ms="0" status="PASS">
          <reporter-output>
          </reporter-output>
        </test-method> <!-- case_8 -->
      </class> <!-- com.obsqura.TestDayOfTheWeek -->
      <class name="com.obsqura.Test25thJan">
        <test-method is-config="true" signature="openingBrowser()[pri:0, instance:com.obsqura.Test25thJan@201a4587]" started-at="2022-01-29T17:10:38 GMT" name="openingBrowser" finished-at="2022-01-29T17:10:41 GMT" duration-ms="2356" status="PASS">
          <reporter-output>
          </reporter-output>
        </test-method> <!-- openingBrowser -->
        <test-method signature="testBrowserWindow()[pri:0, instance:com.obsqura.Test25thJan@201a4587]" started-at="2022-01-29T17:10:41 GMT" name="testBrowserWindow" finished-at="2022-01-29T17:10:42 GMT" duration-ms="1752" status="PASS">
          <reporter-output>
          </reporter-output>
        </test-method> <!-- testBrowserWindow -->
        <test-method is-config="true" signature="closingBrowser()[pri:0, instance:com.obsqura.Test25thJan@201a4587]" started-at="2022-01-29T17:10:42 GMT" name="closingBrowser" finished-at="2022-01-29T17:10:43 GMT" duration-ms="174" status="PASS">
          <reporter-output>
          </reporter-output>
        </test-method> <!-- closingBrowser -->
      </class> <!-- com.obsqura.Test25thJan -->
      <class name="com.obsqura.SeleniumAssignment_Jan06">
        <test-method signature="countNumberOfImages()[pri:0, instance:com.obsqura.SeleniumAssignment_Jan06@20ccf40b]" started-at="2022-01-29T17:09:30 GMT" name="countNumberOfImages" finished-at="2022-01-29T17:09:30 GMT" duration-ms="51" status="FAIL">
          <exception class="java.lang.IllegalStateException">
            <message>
              <![CDATA[The driver executable must exist: C:\Users\user\Drivers\chromedriver.exe]]>
            </message>
            <full-stacktrace>
              <![CDATA[java.lang.IllegalStateException: The driver executable must exist: C:\Users\user\Drivers\chromedriver.exe
at org.openqa.selenium.internal.Require$FileStateChecker.isFile(Require.java:315)
at org.openqa.selenium.remote.service.DriverService.checkExecutable(DriverService.java:147)
at org.openqa.selenium.remote.service.DriverService.findExecutable(DriverService.java:142)
at org.openqa.selenium.chrome.ChromeDriverService.access$000(ChromeDriverService.java:38)
at org.openqa.selenium.chrome.ChromeDriverService$Builder.findDefaultExecutable(ChromeDriverService.java:231)
at org.openqa.selenium.remote.service.DriverService$Builder.build(DriverService.java:437)
at org.openqa.selenium.chrome.ChromeDriverService.createDefaultService(ChromeDriverService.java:127)
at org.openqa.selenium.chrome.ChromeDriver.<init>(ChromeDriver.java:46)
at com.obsqura.SeleniumAssignment_Jan06.countNumberOfImages(SeleniumAssignment_Jan06.java:29)
at java.base/jdk.internal.reflect.NativeMethodAccessorImpl.invoke0(Native Method)
at java.base/jdk.internal.reflect.NativeMethodAccessorImpl.invoke(NativeMethodAccessorImpl.java:77)
at java.base/jdk.internal.reflect.DelegatingMethodAccessorImpl.invoke(DelegatingMethodAccessorImpl.java:43)
at java.base/java.lang.reflect.Method.invoke(Method.java:568)
at org.testng.internal.MethodInvocationHelper.invokeMethod(MethodInvocationHelper.java:133)
at org.testng.internal.TestInvoker.invokeMethod(TestInvoker.java:598)
at org.testng.internal.TestInvoker.invokeTestMethod(TestInvoker.java:173)
at org.testng.internal.MethodRunner.runInSequence(MethodRunner.java:46)
at org.testng.internal.TestInvoker$MethodInvocationAgent.invoke(TestInvoker.java:824)
at org.testng.internal.TestInvoker.invokeTestMethods(TestInvoker.java:146)
at org.testng.internal.TestMethodWorker.invokeTestMethods(TestMethodWorker.java:146)
at org.testng.internal.TestMethodWorker.run(TestMethodWorker.java:128)
at java.base/java.util.ArrayList.forEach(ArrayList.java:1511)
at org.testng.TestRunner.privateRun(TestRunner.java:794)
at org.testng.TestRunner.run(TestRunner.java:596)
at org.testng.SuiteRunner.runTest(SuiteRunner.java:377)
at org.testng.SuiteRunner.runSequentially(SuiteRunner.java:371)
at org.testng.SuiteRunner.privateRun(SuiteRunner.java:332)
at org.testng.SuiteRunner.run(SuiteRunner.java:276)
at org.testng.SuiteRunnerWorker.runSuite(SuiteRunnerWorker.java:53)
at org.testng.SuiteRunnerWorker.run(SuiteRunnerWorker.java:96)
at org.testng.TestNG.runSuitesSequentially(TestNG.java:1212)
at org.testng.TestNG.runSuitesLocally(TestNG.java:1134)
at org.testng.TestNG.runSuites(TestNG.java:1063)
at org.testng.TestNG.run(TestNG.java:1031)
at org.testng.remote.AbstractRemoteTestNG.run(AbstractRemoteTestNG.java:115)
at org.testng.remote.RemoteTestNG.initAndRun(RemoteTestNG.java:251)
at org.testng.remote.RemoteTestNG.main(RemoteTestNG.java:77)
]]>
            </full-stacktrace>
          </exception> <!-- java.lang.IllegalStateException -->
          <reporter-output>
          </reporter-output>
        </test-method> <!-- countNumberOfImages -->
        <test-method signature="verifyPageTitle()[pri:0, instance:com.obsqura.SeleniumAssignment_Jan06@20ccf40b]" started-at="2022-01-29T17:09:30 GMT" name="verifyPageTitle" finished-at="2022-01-29T17:09:39 GMT" duration-ms="9912" status="PASS">
          <reporter-output>
          </reporter-output>
        </test-method> <!-- verifyPageTitle -->
      </class> <!-- com.obsqura.SeleniumAssignment_Jan06 -->
      <class name="com.obsqura.Selenium_WebElement">
        <test-method is-config="true" signature="openBrowser()[pri:0, instance:com.obsqura.Selenium_WebElement@12aba8be]" started-at="2022-01-29T17:09:40 GMT" name="openBrowser" finished-at="2022-01-29T17:09:42 GMT" duration-ms="2140" status="PASS">
          <reporter-output>
          </reporter-output>
        </test-method> <!-- openBrowser -->
        <test-method signature="findImage()[pri:0, instance:com.obsqura.Selenium_WebElement@12aba8be]" started-at="2022-01-29T17:09:42 GMT" name="findImage" finished-at="2022-01-29T17:09:42 GMT" duration-ms="251" status="PASS">
          <reporter-output>
          </reporter-output>
        </test-method> <!-- findImage -->
        <test-method is-config="true" signature="closeBrowser()[pri:0, instance:com.obsqura.Selenium_WebElement@12aba8be]" started-at="2022-01-29T17:09:42 GMT" name="closeBrowser" finished-at="2022-01-29T17:09:42 GMT" duration-ms="152" status="PASS">
          <reporter-output>
          </reporter-output>
        </test-method> <!-- closeBrowser -->
      </class> <!-- com.obsqura.Selenium_WebElement -->
      <class name="com.obsqura.TestngAnnotations_1">
        <test-method is-config="true" signature="beforeSuite()[pri:0, instance:com.obsqura.TestngAnnotations_1@3cebbb30]" started-at="2022-01-29T17:09:29 GMT" name="beforeSuite" finished-at="2022-01-29T17:09:29 GMT" duration-ms="9" status="PASS">
          <reporter-output>
          </reporter-output>
        </test-method> <!-- beforeSuite -->
        <test-method is-config="true" signature="beforeTest()[pri:0, instance:com.obsqura.TestngAnnotations_1@3cebbb30]" started-at="2022-01-29T17:09:29 GMT" name="beforeTest" finished-at="2022-01-29T17:09:29 GMT" duration-ms="1" status="PASS">
          <reporter-output>
          </reporter-output>
        </test-method> <!-- beforeTest -->
        <test-method is-config="true" signature="beforeMethod()[pri:0, instance:com.obsqura.TestngAnnotations_1@3cebbb30]" started-at="2022-01-29T17:09:40 GMT" name="beforeMethod" finished-at="2022-01-29T17:09:40 GMT" duration-ms="16" status="PASS">
          <reporter-output>
          </reporter-output>
        </test-method> <!-- beforeMethod -->
        <test-method is-config="true" signature="beforeMethod()[pri:0, instance:com.obsqura.TestngAnnotations_1@3cebbb30]" started-at="2022-01-29T17:09:40 GMT" name="beforeMethod" finished-at="2022-01-29T17:09:40 GMT" duration-ms="0" status="PASS">
          <reporter-output>
          </reporter-output>
        </test-method> <!-- beforeMethod -->
        <test-method is-config="true" signature="afterMethod()[pri:0, instance:com.obsqura.TestngAnnotations_1@3cebbb30]" started-at="2022-01-29T17:09:40 GMT" name="afterMethod" finished-at="2022-01-29T17:09:40 GMT" duration-ms="0" status="PASS">
          <reporter-output>
          </reporter-output>
        </test-method> <!-- afterMethod -->
        <test-method signature="test1()[pri:0, instance:com.obsqura.TestngAnnotations_1@3cebbb30]" started-at="2022-01-29T17:09:40 GMT" name="test1" finished-at="2022-01-29T17:09:40 GMT" duration-ms="0" status="PASS">
          <reporter-output>
          </reporter-output>
        </test-method> <!-- test1 -->
        <test-method is-config="true" signature="beforeClass()[pri:0, instance:com.obsqura.TestngAnnotations_1@3cebbb30]" started-at="2022-01-29T17:09:40 GMT" name="beforeClass" finished-at="2022-01-29T17:09:40 GMT" duration-ms="0" status="PASS">
          <reporter-output>
          </reporter-output>
        </test-method> <!-- beforeClass -->
        <test-method signature="test2()[pri:0, instance:com.obsqura.TestngAnnotations_1@3cebbb30]" started-at="2022-01-29T17:09:40 GMT" name="test2" finished-at="2022-01-29T17:09:40 GMT" duration-ms="0" status="PASS">
          <reporter-output>
          </reporter-output>
        </test-method> <!-- test2 -->
        <test-method is-config="true" signature="afterMethod()[pri:0, instance:com.obsqura.TestngAnnotations_1@3cebbb30]" started-at="2022-01-29T17:09:40 GMT" name="afterMethod" finished-at="2022-01-29T17:09:40 GMT" duration-ms="0" status="PASS">
          <reporter-output>
          </reporter-output>
        </test-method> <!-- afterMethod -->
        <test-method is-config="true" signature="afterClass()[pri:0, instance:com.obsqura.TestngAnnotations_1@3cebbb30]" started-at="2022-01-29T17:09:40 GMT" name="afterClass" finished-at="2022-01-29T17:09:40 GMT" duration-ms="0" status="PASS">
          <reporter-output>
          </reporter-output>
        </test-method> <!-- afterClass -->
        <test-method is-config="true" signature="afterTest()[pri:0, instance:com.obsqura.TestngAnnotations_1@3cebbb30]" started-at="2022-01-29T17:10:43 GMT" name="afterTest" finished-at="2022-01-29T17:10:43 GMT" duration-ms="0" status="PASS">
          <reporter-output>
          </reporter-output>
        </test-method> <!-- afterTest -->
        <test-method is-config="true" signature="afterSuite()[pri:0, instance:com.obsqura.TestngAnnotations_1@3cebbb30]" started-at="2022-01-29T17:10:43 GMT" name="afterSuite" finished-at="2022-01-29T17:10:43 GMT" duration-ms="0" status="PASS">
          <reporter-output>
          </reporter-output>
        </test-method> <!-- afterSuite -->
      </class> <!-- com.obsqura.TestngAnnotations_1 -->
      <class name="com.obsqura.SeleniumAssignment3_Jan11">
        <test-method is-config="true" signature="openingBrowser()[pri:0, instance:com.obsqura.SeleniumAssignment3_Jan11@51e69659]" started-at="2022-01-29T17:10:25 GMT" name="openingBrowser" finished-at="2022-01-29T17:10:34 GMT" duration-ms="8063" status="PASS">
          <reporter-output>
          </reporter-output>
        </test-method> <!-- openingBrowser -->
        <test-method signature="verifyLogin()[pri:0, instance:com.obsqura.SeleniumAssignment3_Jan11@51e69659]" started-at="2022-01-29T17:10:34 GMT" name="verifyLogin" finished-at="2022-01-29T17:10:38 GMT" duration-ms="4706" status="PASS">
          <reporter-output>
          </reporter-output>
        </test-method> <!-- verifyLogin -->
        <test-method is-config="true" signature="closingBrowser()[pri:0, instance:com.obsqura.SeleniumAssignment3_Jan11@51e69659]" started-at="2022-01-29T17:10:38 GMT" name="closingBrowser" finished-at="2022-01-29T17:10:38 GMT" duration-ms="112" status="PASS">
          <reporter-output>
          </reporter-output>
        </test-method> <!-- closingBrowser -->
      </class> <!-- com.obsqura.SeleniumAssignment3_Jan11 -->
      <class name="com.obsqura.SeleniumAssignment1_Jan11">
        <test-method is-config="true" signature="openingBrowser()[pri:0, instance:com.obsqura.SeleniumAssignment1_Jan11@82de64a]" started-at="2022-01-29T17:10:03 GMT" name="openingBrowser" finished-at="2022-01-29T17:10:06 GMT" duration-ms="2728" status="PASS">
          <reporter-output>
          </reporter-output>
        </test-method> <!-- openingBrowser -->
        <test-method signature="verifyTextBox()[pri:0, instance:com.obsqura.SeleniumAssignment1_Jan11@82de64a]" started-at="2022-01-29T17:10:06 GMT" name="verifyTextBox" finished-at="2022-01-29T17:10:08 GMT" duration-ms="2762" status="FAIL">
          <exception class="org.openqa.selenium.ElementClickInterceptedException">
            <message>
              <![CDATA[element click intercepted: Element <button id="submit" type="button" class="btn btn-primary">...</button> is not clickable at point (891, 584). Other element would receive the click: <iframe frameborder="0" src="https://cd975b60592348a7495496bb684aab6d.safeframe.googlesyndication.com/safeframe/1-0-38/html/container.html" id="google_ads_iframe_/21849154601,22343295815/Ad.Plus-Anchor_0" title="3rd party ad content" name="" scrolling="no" marginwidth="0" marginheight="0" width="728" height="90" data-is-safeframe="true" sandbox="allow-forms allow-popups allow-popups-to-escape-sandbox allow-same-origin allow-scripts allow-top-navigation-by-user-activation" role="region" aria-label="Advertisement" tabindex="0" data-google-container-id="1" style="border: 0px; vertical-align: bottom;" data-load-complete="true"></iframe>
  (Session info: chrome=97.0.4692.99)
Build info: version: '4.1.1', revision: 'e8fcc2cecf'
System info: host: 'DESKTOP-F1FC5DH', ip: '100.67.25.218', os.name: 'Windows 10', os.arch: 'amd64', os.version: '10.0', java.version: '17.0.1'
Driver info: org.openqa.selenium.chrome.ChromeDriver
Command: [1c348d511d31af0fe7f1a4e99e8d58d5, clickElement {id=b6ad6da8-b204-423f-82be-29a5dd455905}]
Capabilities {acceptInsecureCerts: false, browserName: chrome, browserVersion: 97.0.4692.99, chrome: {chromedriverVersion: 97.0.4692.71 (adefa7837d02a..., userDataDir: C:\Users\kmrz1\AppData\Loca...}, goog:chromeOptions: {debuggerAddress: localhost:64798}, javascriptEnabled: true, networkConnectionEnabled: false, pageLoadStrategy: normal, platform: WINDOWS, platformName: WINDOWS, proxy: Proxy(), se:cdp: ws://localhost:64798/devtoo..., se:cdpVersion: 97.0.4692.99, setWindowRect: true, strictFileInteractability: false, timeouts: {implicit: 0, pageLoad: 300000, script: 30000}, unhandledPromptBehavior: dismiss and notify, webauthn:extension:credBlob: true, webauthn:extension:largeBlob: true, webauthn:virtualAuthenticators: true}
Element: [[ChromeDriver: chrome on WINDOWS (1c348d511d31af0fe7f1a4e99e8d58d5)] -> id: submit]
Session ID: 1c348d511d31af0fe7f1a4e99e8d58d5]]>
            </message>
            <full-stacktrace>
              <![CDATA[org.openqa.selenium.ElementClickInterceptedException: element click intercepted: Element <button id="submit" type="button" class="btn btn-primary">...</button> is not clickable at point (891, 584). Other element would receive the click: <iframe frameborder="0" src="https://cd975b60592348a7495496bb684aab6d.safeframe.googlesyndication.com/safeframe/1-0-38/html/container.html" id="google_ads_iframe_/21849154601,22343295815/Ad.Plus-Anchor_0" title="3rd party ad content" name="" scrolling="no" marginwidth="0" marginheight="0" width="728" height="90" data-is-safeframe="true" sandbox="allow-forms allow-popups allow-popups-to-escape-sandbox allow-same-origin allow-scripts allow-top-navigation-by-user-activation" role="region" aria-label="Advertisement" tabindex="0" data-google-container-id="1" style="border: 0px; vertical-align: bottom;" data-load-complete="true"></iframe>
  (Session info: chrome=97.0.4692.99)
Build info: version: '4.1.1', revision: 'e8fcc2cecf'
System info: host: 'DESKTOP-F1FC5DH', ip: '100.67.25.218', os.name: 'Windows 10', os.arch: 'amd64', os.version: '10.0', java.version: '17.0.1'
Driver info: org.openqa.selenium.chrome.ChromeDriver
Command: [1c348d511d31af0fe7f1a4e99e8d58d5, clickElement {id=b6ad6da8-b204-423f-82be-29a5dd455905}]
Capabilities {acceptInsecureCerts: false, browserName: chrome, browserVersion: 97.0.4692.99, chrome: {chromedriverVersion: 97.0.4692.71 (adefa7837d02a..., userDataDir: C:\Users\kmrz1\AppData\Loca...}, goog:chromeOptions: {debuggerAddress: localhost:64798}, javascriptEnabled: true, networkConnectionEnabled: false, pageLoadStrategy: normal, platform: WINDOWS, platformName: WINDOWS, proxy: Proxy(), se:cdp: ws://localhost:64798/devtoo..., se:cdpVersion: 97.0.4692.99, setWindowRect: true, strictFileInteractability: false, timeouts: {implicit: 0, pageLoad: 300000, script: 30000}, unhandledPromptBehavior: dismiss and notify, webauthn:extension:credBlob: true, webauthn:extension:largeBlob: true, webauthn:virtualAuthenticators: true}
Element: [[ChromeDriver: chrome on WINDOWS (1c348d511d31af0fe7f1a4e99e8d58d5)] -> id: submit]
Session ID: 1c348d511d31af0fe7f1a4e99e8d58d5
at java.base/jdk.internal.reflect.NativeConstructorAccessorImpl.newInstance0(Native Method)
at java.base/jdk.internal.reflect.NativeConstructorAccessorImpl.newInstance(NativeConstructorAccessorImpl.java:77)
at java.base/jdk.internal.reflect.DelegatingConstructorAccessorImpl.newInstance(DelegatingConstructorAccessorImpl.java:45)
at java.base/java.lang.reflect.Constructor.newInstanceWithCaller(Constructor.java:499)
at java.base/java.lang.reflect.Constructor.newInstance(Constructor.java:480)
at org.openqa.selenium.remote.codec.w3c.W3CHttpResponseCodec.createException(W3CHttpResponseCodec.java:200)
at org.openqa.selenium.remote.codec.w3c.W3CHttpResponseCodec.decode(W3CHttpResponseCodec.java:133)
at org.openqa.selenium.remote.codec.w3c.W3CHttpResponseCodec.decode(W3CHttpResponseCodec.java:53)
at org.openqa.selenium.remote.HttpCommandExecutor.execute(HttpCommandExecutor.java:184)
at org.openqa.selenium.remote.service.DriverCommandExecutor.invokeExecute(DriverCommandExecutor.java:167)
at org.openqa.selenium.remote.service.DriverCommandExecutor.execute(DriverCommandExecutor.java:142)
at org.openqa.selenium.remote.RemoteWebDriver.execute(RemoteWebDriver.java:543)
at org.openqa.selenium.remote.RemoteWebElement.execute(RemoteWebElement.java:251)
at org.openqa.selenium.remote.RemoteWebElement.click(RemoteWebElement.java:77)
at com.obsqura.SeleniumAssignment1_Jan11.verifyTextBox(SeleniumAssignment1_Jan11.java:41)
at java.base/jdk.internal.reflect.NativeMethodAccessorImpl.invoke0(Native Method)
at java.base/jdk.internal.reflect.NativeMethodAccessorImpl.invoke(NativeMethodAccessorImpl.java:77)
at java.base/jdk.internal.reflect.DelegatingMethodAccessorImpl.invoke(DelegatingMethodAccessorImpl.java:43)
at java.base/java.lang.reflect.Method.invoke(Method.java:568)
at org.testng.internal.MethodInvocationHelper.invokeMethod(MethodInvocationHelper.java:133)
at org.testng.internal.TestInvoker.invokeMethod(TestInvoker.java:598)
at org.testng.internal.TestInvoker.invokeTestMethod(TestInvoker.java:173)
at org.testng.internal.MethodRunner.runInSequence(MethodRunner.java:46)
at org.testng.internal.TestInvoker$MethodInvocationAgent.invoke(TestInvoker.java:824)
at org.testng.internal.TestInvoker.invokeTestMethods(TestInvoker.java:146)
at org.testng.internal.TestMethodWorker.invokeTestMethods(TestMethodWorker.java:146)
at org.testng.internal.TestMethodWorker.run(TestMethodWorker.java:128)
at java.base/java.util.ArrayList.forEach(ArrayList.java:1511)
at org.testng.TestRunner.privateRun(TestRunner.java:794)
at org.testng.TestRunner.run(TestRunner.java:596)
at org.testng.SuiteRunner.runTest(SuiteRunner.java:377)
at org.testng.SuiteRunner.runSequentially(SuiteRunner.java:371)
at org.testng.SuiteRunner.privateRun(SuiteRunner.java:332)
at org.testng.SuiteRunner.run(SuiteRunner.java:276)
at org.testng.SuiteRunnerWorker.runSuite(SuiteRunnerWorker.java:53)
at org.testng.SuiteRunnerWorker.run(SuiteRunnerWorker.java:96)
at org.testng.TestNG.runSuitesSequentially(TestNG.java:1212)
at org.testng.TestNG.runSuitesLocally(TestNG.java:1134)
at org.testng.TestNG.runSuites(TestNG.java:1063)
at org.testng.TestNG.run(TestNG.java:1031)
at org.testng.remote.AbstractRemoteTestNG.run(AbstractRemoteTestNG.java:115)
at org.testng.remote.RemoteTestNG.initAndRun(RemoteTestNG.java:251)
at org.testng.remote.RemoteTestNG.main(RemoteTestNG.java:77)
]]>
            </full-stacktrace>
          </exception> <!-- org.openqa.selenium.ElementClickInterceptedException -->
          <reporter-output>
          </reporter-output>
        </test-method> <!-- verifyTextBox -->
        <test-method is-config="true" signature="closingBrowser()[pri:0, instance:com.obsqura.SeleniumAssignment1_Jan11@82de64a]" started-at="2022-01-29T17:10:08 GMT" name="closingBrowser" finished-at="2022-01-29T17:10:09 GMT" duration-ms="328" status="PASS">
          <reporter-output>
          </reporter-output>
        </test-method> <!-- closingBrowser -->
      </class> <!-- com.obsqura.SeleniumAssignment1_Jan11 -->
      <class name="com.obsqura.SeleniumAssignment_Jan07">
        <test-method is-config="true" signature="openingBrowser()[pri:0, instance:com.obsqura.SeleniumAssignment_Jan07@290222c1]" started-at="2022-01-29T17:09:42 GMT" name="openingBrowser" finished-at="2022-01-29T17:09:51 GMT" duration-ms="8587" status="PASS">
          <reporter-output>
          </reporter-output>
        </test-method> <!-- openingBrowser -->
        <test-method signature="getNumberOfImages()[pri:0, instance:com.obsqura.SeleniumAssignment_Jan07@290222c1]" started-at="2022-01-29T17:09:51 GMT" name="getNumberOfImages" finished-at="2022-01-29T17:09:51 GMT" duration-ms="60" status="PASS">
          <reporter-output>
          </reporter-output>
        </test-method> <!-- getNumberOfImages -->
        <test-method is-config="true" signature="closingBrowser()[pri:0, instance:com.obsqura.SeleniumAssignment_Jan07@290222c1]" started-at="2022-01-29T17:09:51 GMT" name="closingBrowser" finished-at="2022-01-29T17:09:51 GMT" duration-ms="200" status="PASS">
          <reporter-output>
          </reporter-output>
        </test-method> <!-- closingBrowser -->
      </class> <!-- com.obsqura.SeleniumAssignment_Jan07 -->
    </test> <!-- Test -->
  </suite> <!-- Suite -->
</testng-results>
